2024-09-11 00:28:35.299  WARN 41500 --- [HikariPool-1 housekeeper] com.zaxxer.hikari.pool.HikariPool        : HikariPool-1 - Thread starvation or clock leap detected (housekeeper delta=24m36s734ms786µs300ns).
2024-09-11 19:27:50.223  INFO 21128 --- [main] com.example.Application                  : Starting Application on Urania with PID 21128 (started by 86187 in D:\桌面\deliciousFoods-main)
2024-09-11 19:27:50.227  INFO 21128 --- [main] com.example.Application                  : No active profile set, falling back to default profiles: default
2024-09-11 19:27:51.736  WARN 21128 --- [main] o.m.s.mapper.ClassPathMapperScanner      : No MyBatis mapper was found in '[com.example]' package. Please check your configuration.
2024-09-11 19:27:52.164  INFO 21128 --- [main] o.s.b.w.embedded.tomcat.TomcatWebServer  : Tomcat initialized with port(s): 8080 (http)
2024-09-11 19:27:52.175  INFO 21128 --- [main] o.apache.catalina.core.StandardService   : Starting service [Tomcat]
2024-09-11 19:27:52.175  INFO 21128 --- [main] org.apache.catalina.core.StandardEngine  : Starting Servlet Engine: Apache Tomcat/9.0.12
2024-09-11 19:27:52.181  INFO 21128 --- [main] o.a.catalina.core.AprLifecycleListener   : The APR based Apache Tomcat Native library which allows optimal performance in production environments was not found on the java.library.path: [D:\Java\jdk1.8.0_361\bin;C:\WINDOWS\Sun\Java\bin;C:\WINDOWS\system32;C:\WINDOWS;D:\Java\jdk-21.0.4\bin;C:\Program Files (x86)\VMware\VMware Workstation\bin\;C:\Program Files\Common Files\Oracle\Java\javapath;C:\Program Files\MySQL\MySQL Server 8.0\bin;D:\MinGW\mingw64\bin;D:\MinGW\mingw64\bin;D:\MinGW\mingw64\bin;C:\Program Files\Google\Chrome\Application\chrome.exe;D:\Program Files (x86)\NetSarang\Xshell 7\;"D:\Java\jdk-21.0.4\bin;D:\Java\jdk-21.0.4\jre\bin;";C:\Users\86187\Desktop\apache-tomcat-8.5.71\apache-tomcat-8.5.71\bin;D:\Documents\Desktop\New Folder\;D:\Java\apache-maven-3.8.1\bin;D:\Java\apache-maven-3.8.1\bin;D:\桌面\Xftp 7\;D:\桌面\Redis\;D:\Java\jdk-21.0.4\bin;C:\Users\86187\Anaconda3;C:\Users\86187\Anaconda3\Library\mingw-w64\bin;C:\Users\86187\Anaconda3\Library\usr\bin;C:\Users\86187\Anaconda3\Library\bin;C:\Users\86187\Anaconda3\Scripts;C:\Users\86187\AppData\Local\Programs\Python\Python312\Scripts\;C:\Users\86187\AppData\Local\Programs\Python\Python312\;C:\Program Files\MySQL\MySQL Shell 8.0\bin\;C:\Users\86187\AppData\Local\Programs\Microsoft VS Code\bin;C:\Program Files;C:\Users\86187\AppData\Local\JetBrains\PyCharm 2023.2.1\bin;;C:\Users\86187\AppData\Roaming\npm;D:\Documents\Desktop\PyCharm Community Edition 2019.3.3\bin;;;.]
2024-09-11 19:27:52.270  INFO 21128 --- [main] o.a.c.c.C.[Tomcat].[localhost].[/]       : Initializing Spring embedded WebApplicationContext
2024-09-11 19:27:52.270  INFO 21128 --- [main] o.s.web.context.ContextLoader            : Root WebApplicationContext: initialization completed in 1998 ms
2024-09-11 19:27:52.287  INFO 21128 --- [main] o.s.b.w.servlet.ServletRegistrationBean  : Servlet dispatcherServlet mapped to [/]
2024-09-11 19:27:52.291  INFO 21128 --- [main] o.s.b.w.servlet.FilterRegistrationBean   : Mapping filter: 'characterEncodingFilter' to: [/*]
2024-09-11 19:27:52.291  INFO 21128 --- [main] o.s.b.w.servlet.FilterRegistrationBean   : Mapping filter: 'hiddenHttpMethodFilter' to: [/*]
2024-09-11 19:27:52.291  INFO 21128 --- [main] o.s.b.w.servlet.FilterRegistrationBean   : Mapping filter: 'formContentFilter' to: [/*]
2024-09-11 19:27:52.291  INFO 21128 --- [main] o.s.b.w.servlet.FilterRegistrationBean   : Mapping filter: 'requestContextFilter' to: [/*]
2024-09-11 19:27:53.123  INFO 21128 --- [main] o.s.s.concurrent.ThreadPoolTaskExecutor  : Initializing ExecutorService 'applicationTaskExecutor'
2024-09-11 19:27:53.318  INFO 21128 --- [main] o.s.b.w.embedded.tomcat.TomcatWebServer  : Tomcat started on port(s): 8080 (http) with context path ''
2024-09-11 19:27:53.320  INFO 21128 --- [main] com.example.Application                  : Started Application in 3.457 seconds (JVM running for 4.628)
2024-09-11 19:30:03.690  INFO 21128 --- [http-nio-8080-exec-10] o.a.c.c.C.[Tomcat].[localhost].[/]       : Initializing Spring DispatcherServlet 'dispatcherServlet'
2024-09-11 19:30:03.690  INFO 21128 --- [http-nio-8080-exec-10] o.s.web.servlet.DispatcherServlet        : Initializing Servlet 'dispatcherServlet'
2024-09-11 19:30:03.699  INFO 21128 --- [http-nio-8080-exec-10] o.s.web.servlet.DispatcherServlet        : Completed initialization in 8 ms
2024-09-11 19:30:03.774  INFO 21128 --- [http-nio-8080-exec-1] com.zaxxer.hikari.HikariDataSource       : HikariPool-1 - Starting...
2024-09-11 19:30:03.862  INFO 21128 --- [http-nio-8080-exec-1] com.zaxxer.hikari.HikariDataSource       : HikariPool-1 - Start completed.
2024-09-11 19:51:57.255  INFO 5456 --- [main] com.example.Application                  : Starting Application on Urania with PID 5456 (started by 86187 in D:\桌面\deliciousFoods-main)
2024-09-11 19:51:57.258  INFO 5456 --- [main] com.example.Application                  : No active profile set, falling back to default profiles: default
2024-09-11 19:51:57.700  WARN 5456 --- [main] o.m.s.mapper.ClassPathMapperScanner      : No MyBatis mapper was found in '[com.example]' package. Please check your configuration.
2024-09-11 19:51:58.043  INFO 5456 --- [main] o.s.b.w.embedded.tomcat.TomcatWebServer  : Tomcat initialized with port(s): 8080 (http)
2024-09-11 19:51:58.052  INFO 5456 --- [main] o.apache.catalina.core.StandardService   : Starting service [Tomcat]
2024-09-11 19:51:58.053  INFO 5456 --- [main] org.apache.catalina.core.StandardEngine  : Starting Servlet Engine: Apache Tomcat/9.0.12
2024-09-11 19:51:58.056  INFO 5456 --- [main] o.a.catalina.core.AprLifecycleListener   : The APR based Apache Tomcat Native library which allows optimal performance in production environments was not found on the java.library.path: [D:\Java\jdk1.8.0_361\bin;C:\WINDOWS\Sun\Java\bin;C:\WINDOWS\system32;C:\WINDOWS;D:\Java\jdk-21.0.4\bin;C:\Program Files (x86)\VMware\VMware Workstation\bin\;C:\Program Files\Common Files\Oracle\Java\javapath;C:\Program Files\MySQL\MySQL Server 8.0\bin;D:\MinGW\mingw64\bin;D:\MinGW\mingw64\bin;D:\MinGW\mingw64\bin;C:\Program Files\Google\Chrome\Application\chrome.exe;D:\Program Files (x86)\NetSarang\Xshell 7\;"D:\Java\jdk-21.0.4\bin;D:\Java\jdk-21.0.4\jre\bin;";C:\Users\86187\Desktop\apache-tomcat-8.5.71\apache-tomcat-8.5.71\bin;D:\Documents\Desktop\New Folder\;D:\Java\apache-maven-3.8.1\bin;D:\Java\apache-maven-3.8.1\bin;D:\桌面\Xftp 7\;D:\桌面\Redis\;D:\Java\jdk-21.0.4\bin;C:\Users\86187\Anaconda3;C:\Users\86187\Anaconda3\Library\mingw-w64\bin;C:\Users\86187\Anaconda3\Library\usr\bin;C:\Users\86187\Anaconda3\Library\bin;C:\Users\86187\Anaconda3\Scripts;C:\Users\86187\AppData\Local\Programs\Python\Python312\Scripts\;C:\Users\86187\AppData\Local\Programs\Python\Python312\;C:\Program Files\MySQL\MySQL Shell 8.0\bin\;C:\Users\86187\AppData\Local\Programs\Microsoft VS Code\bin;C:\Program Files;C:\Users\86187\AppData\Local\JetBrains\PyCharm 2023.2.1\bin;;C:\Users\86187\AppData\Roaming\npm;D:\Documents\Desktop\PyCharm Community Edition 2019.3.3\bin;;;.]
2024-09-11 19:51:58.127  INFO 5456 --- [main] o.a.c.c.C.[Tomcat].[localhost].[/]       : Initializing Spring embedded WebApplicationContext
2024-09-11 19:51:58.127  INFO 5456 --- [main] o.s.web.context.ContextLoader            : Root WebApplicationContext: initialization completed in 847 ms
2024-09-11 19:51:58.143  INFO 5456 --- [main] o.s.b.w.servlet.ServletRegistrationBean  : Servlet dispatcherServlet mapped to [/]
2024-09-11 19:51:58.145  INFO 5456 --- [main] o.s.b.w.servlet.FilterRegistrationBean   : Mapping filter: 'characterEncodingFilter' to: [/*]
2024-09-11 19:51:58.145  INFO 5456 --- [main] o.s.b.w.servlet.FilterRegistrationBean   : Mapping filter: 'hiddenHttpMethodFilter' to: [/*]
2024-09-11 19:51:58.145  INFO 5456 --- [main] o.s.b.w.servlet.FilterRegistrationBean   : Mapping filter: 'formContentFilter' to: [/*]
2024-09-11 19:51:58.146  INFO 5456 --- [main] o.s.b.w.servlet.FilterRegistrationBean   : Mapping filter: 'requestContextFilter' to: [/*]
2024-09-11 19:51:58.754  INFO 5456 --- [main] o.s.s.concurrent.ThreadPoolTaskExecutor  : Initializing ExecutorService 'applicationTaskExecutor'
2024-09-11 19:51:58.931  INFO 5456 --- [main] o.s.b.w.embedded.tomcat.TomcatWebServer  : Tomcat started on port(s): 8080 (http) with context path ''
2024-09-11 19:51:58.933  INFO 5456 --- [main] com.example.Application                  : Started Application in 1.938 seconds (JVM running for 2.933)
2024-09-11 19:52:21.126  INFO 5456 --- [http-nio-8080-exec-1] o.a.c.c.C.[Tomcat].[localhost].[/]       : Initializing Spring DispatcherServlet 'dispatcherServlet'
2024-09-11 19:52:21.127  INFO 5456 --- [http-nio-8080-exec-1] o.s.web.servlet.DispatcherServlet        : Initializing Servlet 'dispatcherServlet'
2024-09-11 19:52:21.134  INFO 5456 --- [http-nio-8080-exec-1] o.s.web.servlet.DispatcherServlet        : Completed initialization in 7 ms
2024-09-11 19:52:21.317  INFO 5456 --- [http-nio-8080-exec-9] com.zaxxer.hikari.HikariDataSource       : HikariPool-1 - Starting...
2024-09-11 19:52:21.416  INFO 5456 --- [http-nio-8080-exec-9] com.zaxxer.hikari.HikariDataSource       : HikariPool-1 - Start completed.
